[2026-06-21 20:54:04,443] INFO django.utils.autoreload Watching for file changes with StatReloader
[2026-06-21 20:54:18,442] WARNING django.request Not Found: /
[2026-06-21 20:54:18,443] WARNING django.server "GET / HTTP/1.1" 404 179
[2026-06-21 20:54:19,384] WARNING django.request Not Found: /
[2026-06-21 20:54:19,388] WARNING django.server "GET / HTTP/1.1" 404 179
[2026-06-21 20:54:20,331] WARNING django.request Not Found: /favicon.ico
[2026-06-21 20:54:20,333] WARNING django.server "GET /favicon.ico HTTP/1.1" 404 179
[2026-06-21 20:59:02,054] WARNING django.request Not Found: /loan/predict/
[2026-06-21 20:59:02,056] WARNING django.server "GET /loan/predict/ HTTP/1.1" 404 179
[2026-06-21 20:59:16,117] WARNING django.request Not Found: /loan/history/
[2026-06-21 20:59:16,119] WARNING django.server "GET /loan/history/ HTTP/1.1" 404 179
[2026-06-21 21:07:01,915] ERROR django.request Internal Server Error: /api/loan/predict/
Traceback (most recent call last):
  File "D:\Loan_System\.venv\Lib\site-packages\rest_framework\views.py", line 497, in dispatch
    self.initial(request, *args, **kwargs)
    ~~~~~~~~~~~~^^^^^^^^^^^^^^^^^^^^^^^^^^
  File "D:\Loan_System\.venv\Lib\site-packages\rest_framework\views.py", line 415, in initial
    self.check_permissions(request)
    ~~~~~~~~~~~~~~~~~~~~~~^^^^^^^^^
  File "D:\Loan_System\.venv\Lib\site-packages\rest_framework\views.py", line 333, in check_permissions
    self.permission_denied(
    ~~~~~~~~~~~~~~~~~~~~~~^
        request,
        ^^^^^^^^
        message=getattr(permission, 'message', None),
        ^^^^^^^^^^^^^^^^^^^^^^^^^^^^^^^^^^^^^^^^^^^^^
        code=getattr(permission, 'code', None)
        ^^^^^^^^^^^^^^^^^^^^^^^^^^^^^^^^^^^^^^
    )
    ^
  File "D:\Loan_System\.venv\Lib\site-packages\rest_framework\views.py", line 174, in permission_denied
    raise exceptions.NotAuthenticated()
rest_framework.exceptions.NotAuthenticated: Authentication credentials were not provided.

During handling of the above exception, another exception occurred:

Traceback (most recent call last):
  File "D:\Loan_System\.venv\Lib\site-packages\rest_framework\settings.py", line 179, in import_from_string
    return import_string(val)
  File "D:\Loan_System\.venv\Lib\site-packages\django\utils\module_loading.py", line 30, in import_string
    return cached_import(module_path, class_name)
  File "D:\Loan_System\.venv\Lib\site-packages\django\utils\module_loading.py", line 15, in cached_import
    module = import_module(module_path)
  File "C:\Users\Thiri Shwe Zin\AppData\Local\Programs\Python\Python313\Lib\importlib\__init__.py", line 88, in import_module
    return _bootstrap._gcd_import(name[level:], package, level)
           ~~~~~~~~~~~~~~~~~~~~~~^^^^^^^^^^^^^^^^^^^^^^^^^^^^^^
  File "<frozen importlib._bootstrap>", line 1387, in _gcd_import
  File "<frozen importlib._bootstrap>", line 1360, in _find_and_load
  File "<frozen importlib._bootstrap>", line 1324, in _find_and_load_unlocked
ModuleNotFoundError: No module named 'loan_app.exceptions'

During handling of the above exception, another exception occurred:

Traceback (most recent call last):
  File "D:\Loan_System\.venv\Lib\site-packages\django\core\handlers\exception.py", line 55, in inner
    response = get_response(request)
  File "D:\Loan_System\.venv\Lib\site-packages\django\core\handlers\base.py", line 197, in _get_response
    response = wrapped_callback(request, *callback_args, **callback_kwargs)
  File "D:\Loan_System\.venv\Lib\site-packages\django\views\decorators\csrf.py", line 56, in wrapper_view
    return view_func(*args, **kwargs)
  File "D:\Loan_System\.venv\Lib\site-packages\django\views\generic\base.py", line 104, in view
    return self.dispatch(request, *args, **kwargs)
           ~~~~~~~~~~~~~^^^^^^^^^^^^^^^^^^^^^^^^^^
  File "D:\Loan_System\.venv\Lib\site-packages\rest_framework\views.py", line 509, in dispatch
    response = self.handle_exception(exc)
  File "D:\Loan_System\.venv\Lib\site-packages\rest_framework\views.py", line 463, in handle_exception
    exception_handler = self.get_exception_handler()
  File "D:\Loan_System\.venv\Lib\site-packages\rest_framework\views.py", line 298, in get_exception_handler
    return self.settings.EXCEPTION_HANDLER
           ^^^^^^^^^^^^^^^^^^^^^^^^^^^^^^^
  File "D:\Loan_System\.venv\Lib\site-packages\rest_framework\settings.py", line 227, in __getattr__
    val = perform_import(val, attr)
  File "D:\Loan_System\.venv\Lib\site-packages\rest_framework\settings.py", line 168, in perform_import
    return import_from_string(val, setting_name)
  File "D:\Loan_System\.venv\Lib\site-packages\rest_framework\settings.py", line 182, in import_from_string
    raise ImportError(msg)
ImportError: Could not import 'loan_app.exceptions.custom_exception_handler' for API setting 'EXCEPTION_HANDLER'. ModuleNotFoundError: No module named 'loan_app.exceptions'.
[2026-06-21 21:07:02,234] ERROR django.server "GET /api/loan/predict/ HTTP/1.1" 500 145
[2026-06-21 21:07:14,961] ERROR django.request Internal Server Error: /api/loan/history/
Traceback (most recent call last):
  File "D:\Loan_System\.venv\Lib\site-packages\rest_framework\views.py", line 497, in dispatch
    self.initial(request, *args, **kwargs)
    ~~~~~~~~~~~~^^^^^^^^^^^^^^^^^^^^^^^^^^
  File "D:\Loan_System\.venv\Lib\site-packages\rest_framework\views.py", line 415, in initial
    self.check_permissions(request)
    ~~~~~~~~~~~~~~~~~~~~~~^^^^^^^^^
  File "D:\Loan_System\.venv\Lib\site-packages\rest_framework\views.py", line 333, in check_permissions
    self.permission_denied(
    ~~~~~~~~~~~~~~~~~~~~~~^
        request,
        ^^^^^^^^
        message=getattr(permission, 'message', None),
        ^^^^^^^^^^^^^^^^^^^^^^^^^^^^^^^^^^^^^^^^^^^^^
        code=getattr(permission, 'code', None)
        ^^^^^^^^^^^^^^^^^^^^^^^^^^^^^^^^^^^^^^
    )
    ^
  File "D:\Loan_System\.venv\Lib\site-packages\rest_framework\views.py", line 174, in permission_denied
    raise exceptions.NotAuthenticated()
rest_framework.exceptions.NotAuthenticated: Authentication credentials were not provided.

During handling of the above exception, another exception occurred:

Traceback (most recent call last):
  File "D:\Loan_System\.venv\Lib\site-packages\rest_framework\settings.py", line 179, in import_from_string
    return import_string(val)
  File "D:\Loan_System\.venv\Lib\site-packages\django\utils\module_loading.py", line 30, in import_string
    return cached_import(module_path, class_name)
  File "D:\Loan_System\.venv\Lib\site-packages\django\utils\module_loading.py", line 15, in cached_import
    module = import_module(module_path)
  File "C:\Users\Thiri Shwe Zin\AppData\Local\Programs\Python\Python313\Lib\importlib\__init__.py", line 88, in import_module
    return _bootstrap._gcd_import(name[level:], package, level)
           ~~~~~~~~~~~~~~~~~~~~~~^^^^^^^^^^^^^^^^^^^^^^^^^^^^^^
  File "<frozen importlib._bootstrap>", line 1387, in _gcd_import
  File "<frozen importlib._bootstrap>", line 1360, in _find_and_load
  File "<frozen importlib._bootstrap>", line 1324, in _find_and_load_unlocked
ModuleNotFoundError: No module named 'loan_app.exceptions'

During handling of the above exception, another exception occurred:

Traceback (most recent call last):
  File "D:\Loan_System\.venv\Lib\site-packages\django\core\handlers\exception.py", line 55, in inner
    response = get_response(request)
  File "D:\Loan_System\.venv\Lib\site-packages\django\core\handlers\base.py", line 197, in _get_response
    response = wrapped_callback(request, *callback_args, **callback_kwargs)
  File "D:\Loan_System\.venv\Lib\site-packages\django\views\decorators\csrf.py", line 56, in wrapper_view
    return view_func(*args, **kwargs)
  File "D:\Loan_System\.venv\Lib\site-packages\django\views\generic\base.py", line 104, in view
    return self.dispatch(request, *args, **kwargs)
           ~~~~~~~~~~~~~^^^^^^^^^^^^^^^^^^^^^^^^^^
  File "D:\Loan_System\.venv\Lib\site-packages\rest_framework\views.py", line 509, in dispatch
    response = self.handle_exception(exc)
  File "D:\Loan_System\.venv\Lib\site-packages\rest_framework\views.py", line 463, in handle_exception
    exception_handler = self.get_exception_handler()
  File "D:\Loan_System\.venv\Lib\site-packages\rest_framework\views.py", line 298, in get_exception_handler
    return self.settings.EXCEPTION_HANDLER
           ^^^^^^^^^^^^^^^^^^^^^^^^^^^^^^^
  File "D:\Loan_System\.venv\Lib\site-packages\rest_framework\settings.py", line 227, in __getattr__
    val = perform_import(val, attr)
  File "D:\Loan_System\.venv\Lib\site-packages\rest_framework\settings.py", line 168, in perform_import
    return import_from_string(val, setting_name)
  File "D:\Loan_System\.venv\Lib\site-packages\rest_framework\settings.py", line 182, in import_from_string
    raise ImportError(msg)
ImportError: Could not import 'loan_app.exceptions.custom_exception_handler' for API setting 'EXCEPTION_HANDLER'. ModuleNotFoundError: No module named 'loan_app.exceptions'.
[2026-06-21 21:07:14,975] ERROR django.server "GET /api/loan/history/ HTTP/1.1" 500 145
[2026-06-21 21:11:51,087] INFO django.utils.autoreload Watching for file changes with StatReloader
[2026-06-21 21:14:01,050] INFO django.utils.autoreload Watching for file changes with StatReloader
[2026-06-21 21:45:48,446] ERROR django.request Internal Server Error: /api/loan/predict/
Traceback (most recent call last):
  File "D:\Loan_System\.venv\Lib\site-packages\rest_framework\views.py", line 497, in dispatch
    self.initial(request, *args, **kwargs)
    ~~~~~~~~~~~~^^^^^^^^^^^^^^^^^^^^^^^^^^
  File "D:\Loan_System\.venv\Lib\site-packages\rest_framework\views.py", line 415, in initial
    self.check_permissions(request)
    ~~~~~~~~~~~~~~~~~~~~~~^^^^^^^^^
  File "D:\Loan_System\.venv\Lib\site-packages\rest_framework\views.py", line 333, in check_permissions
    self.permission_denied(
    ~~~~~~~~~~~~~~~~~~~~~~^
        request,
        ^^^^^^^^
        message=getattr(permission, 'message', None),
        ^^^^^^^^^^^^^^^^^^^^^^^^^^^^^^^^^^^^^^^^^^^^^
        code=getattr(permission, 'code', None)
        ^^^^^^^^^^^^^^^^^^^^^^^^^^^^^^^^^^^^^^
    )
    ^
  File "D:\Loan_System\.venv\Lib\site-packages\rest_framework\views.py", line 174, in permission_denied
    raise exceptions.NotAuthenticated()
rest_framework.exceptions.NotAuthenticated: Authentication credentials were not provided.

During handling of the above exception, another exception occurred:

Traceback (most recent call last):
  File "D:\Loan_System\.venv\Lib\site-packages\rest_framework\settings.py", line 179, in import_from_string
    return import_string(val)
  File "D:\Loan_System\.venv\Lib\site-packages\django\utils\module_loading.py", line 30, in import_string
    return cached_import(module_path, class_name)
  File "D:\Loan_System\.venv\Lib\site-packages\django\utils\module_loading.py", line 15, in cached_import
    module = import_module(module_path)
  File "C:\Users\Thiri Shwe Zin\AppData\Local\Programs\Python\Python313\Lib\importlib\__init__.py", line 88, in import_module
    return _bootstrap._gcd_import(name[level:], package, level)
           ~~~~~~~~~~~~~~~~~~~~~~^^^^^^^^^^^^^^^^^^^^^^^^^^^^^^
  File "<frozen importlib._bootstrap>", line 1387, in _gcd_import
  File "<frozen importlib._bootstrap>", line 1360, in _find_and_load
  File "<frozen importlib._bootstrap>", line 1324, in _find_and_load_unlocked
ModuleNotFoundError: No module named 'loan_app.exceptions'

During handling of the above exception, another exception occurred:

Traceback (most recent call last):
  File "D:\Loan_System\.venv\Lib\site-packages\django\core\handlers\exception.py", line 55, in inner
    response = get_response(request)
  File "D:\Loan_System\.venv\Lib\site-packages\django\core\handlers\base.py", line 197, in _get_response
    response = wrapped_callback(request, *callback_args, **callback_kwargs)
  File "D:\Loan_System\.venv\Lib\site-packages\django\views\decorators\csrf.py", line 56, in wrapper_view
    return view_func(*args, **kwargs)
  File "D:\Loan_System\.venv\Lib\site-packages\django\views\generic\base.py", line 104, in view
    return self.dispatch(request, *args, **kwargs)
           ~~~~~~~~~~~~~^^^^^^^^^^^^^^^^^^^^^^^^^^
  File "D:\Loan_System\.venv\Lib\site-packages\rest_framework\views.py", line 509, in dispatch
    response = self.handle_exception(exc)
  File "D:\Loan_System\.venv\Lib\site-packages\rest_framework\views.py", line 463, in handle_exception
    exception_handler = self.get_exception_handler()
  File "D:\Loan_System\.venv\Lib\site-packages\rest_framework\views.py", line 298, in get_exception_handler
    return self.settings.EXCEPTION_HANDLER
           ^^^^^^^^^^^^^^^^^^^^^^^^^^^^^^^
  File "D:\Loan_System\.venv\Lib\site-packages\rest_framework\settings.py", line 227, in __getattr__
    val = perform_import(val, attr)
  File "D:\Loan_System\.venv\Lib\site-packages\rest_framework\settings.py", line 168, in perform_import
    return import_from_string(val, setting_name)
  File "D:\Loan_System\.venv\Lib\site-packages\rest_framework\settings.py", line 182, in import_from_string
    raise ImportError(msg)
ImportError: Could not import 'loan_app.exceptions.custom_exception_handler' for API setting 'EXCEPTION_HANDLER'. ModuleNotFoundError: No module named 'loan_app.exceptions'.
[2026-06-21 21:45:48,481] ERROR django.server "GET /api/loan/predict/ HTTP/1.1" 500 145
[2026-06-21 21:46:18,501] WARNING django.request Not Found: /
[2026-06-21 21:46:18,504] WARNING django.server "GET / HTTP/1.1" 404 179
[2026-06-21 21:46:19,192] WARNING django.request Not Found: /
[2026-06-21 21:46:19,194] WARNING django.server "GET / HTTP/1.1" 404 179
[2026-06-21 21:46:33,193] INFO django.server "GET /admin/ HTTP/1.1" 302 0
[2026-06-21 21:46:33,609] INFO django.server "GET /admin/login/?next=/admin/ HTTP/1.1" 200 4183
[2026-06-21 21:46:33,636] WARNING django.request Not Found: /static/admin/css/base.css
[2026-06-21 21:46:33,639] WARNING django.request Not Found: /static/admin/css/dark_mode.css
[2026-06-21 21:46:33,644] WARNING django.server "GET /static/admin/css/base.css HTTP/1.1" 404 179
[2026-06-21 21:46:33,646] WARNING django.request Not Found: /static/admin/css/nav_sidebar.css
[2026-06-21 21:46:33,648] WARNING django.server "GET /static/admin/css/dark_mode.css HTTP/1.1" 404 179
[2026-06-21 21:46:33,651] WARNING django.server "GET /static/admin/css/nav_sidebar.css HTTP/1.1" 404 179
[2026-06-21 21:46:33,707] WARNING django.request Not Found: /static/admin/css/login.css
[2026-06-21 21:46:33,709] WARNING django.request Not Found: /static/admin/css/responsive.css
[2026-06-21 21:46:33,746] WARNING django.request Not Found: /static/admin/js/theme.js
[2026-06-21 21:46:33,748] WARNING django.server "GET /static/admin/css/login.css HTTP/1.1" 404 179
[2026-06-21 21:46:33,750] WARNING django.server "GET /static/admin/css/responsive.css HTTP/1.1" 404 179
[2026-06-21 21:46:33,750] WARNING django.server "GET /static/admin/js/theme.js HTTP/1.1" 404 179
[2026-06-21 21:46:33,757] WARNING django.request Not Found: /static/admin/js/nav_sidebar.js
[2026-06-21 21:46:33,758] WARNING django.server "GET /static/admin/js/nav_sidebar.js HTTP/1.1" 404 179
[2026-06-21 22:25:20,588] INFO django.server "GET /admin/login/?next=/admin/ HTTP/1.1" 200 4183
[2026-06-21 22:25:20,740] WARNING django.request Not Found: /static/admin/css/base.css
[2026-06-21 22:25:20,743] WARNING django.request Not Found: /static/admin/css/dark_mode.css
[2026-06-21 22:25:20,747] WARNING django.request Not Found: /static/admin/css/nav_sidebar.css
[2026-06-21 22:25:20,749] WARNING django.server "GET /static/admin/css/base.css HTTP/1.1" 404 179
[2026-06-21 22:25:20,757] WARNING django.request Not Found: /static/admin/css/login.css
[2026-06-21 22:25:20,758] WARNING django.server "GET /static/admin/css/nav_sidebar.css HTTP/1.1" 404 179
[2026-06-21 22:25:20,758] WARNING django.server "GET /static/admin/css/dark_mode.css HTTP/1.1" 404 179
[2026-06-21 22:25:20,764] WARNING django.request Not Found: /static/admin/css/responsive.css
[2026-06-21 22:25:20,769] WARNING django.request Not Found: /static/admin/js/nav_sidebar.js
[2026-06-21 22:25:20,772] WARNING django.request Not Found: /static/admin/js/theme.js
[2026-06-21 22:25:20,772] WARNING django.server "GET /static/admin/css/login.css HTTP/1.1" 404 179
[2026-06-21 22:25:20,775] WARNING django.server "GET /static/admin/css/responsive.css HTTP/1.1" 404 179
[2026-06-21 22:25:20,776] WARNING django.server "GET /static/admin/js/nav_sidebar.js HTTP/1.1" 404 179
[2026-06-21 22:25:20,778] WARNING django.server "GET /static/admin/js/theme.js HTTP/1.1" 404 179
[2026-06-21 22:26:02,786] INFO django.server "POST /admin/login/?next=/admin/ HTTP/1.1" 200 4354
[2026-06-21 22:26:02,854] WARNING django.request Not Found: /static/admin/css/base.css
[2026-06-21 22:26:02,857] WARNING django.request Not Found: /static/admin/css/dark_mode.css
[2026-06-21 22:26:02,860] WARNING django.request Not Found: /static/admin/css/nav_sidebar.css
[2026-06-21 22:26:02,879] WARNING django.request Not Found: /static/admin/css/responsive.css
[2026-06-21 22:26:02,880] WARNING django.request Not Found: /static/admin/css/login.css
[2026-06-21 22:26:02,884] WARNING django.request Not Found: /static/admin/js/theme.js
[2026-06-21 22:26:02,886] WARNING django.server "GET /static/admin/css/base.css HTTP/1.1" 404 179
[2026-06-21 22:26:02,887] WARNING django.server "GET /static/admin/css/dark_mode.css HTTP/1.1" 404 179
[2026-06-21 22:26:02,890] WARNING django.server "GET /static/admin/css/nav_sidebar.css HTTP/1.1" 404 179
[2026-06-21 22:26:02,891] WARNING django.server "GET /static/admin/css/responsive.css HTTP/1.1" 404 179
[2026-06-21 22:26:02,892] WARNING django.server "GET /static/admin/css/login.css HTTP/1.1" 404 179
[2026-06-21 22:26:02,895] WARNING django.request Not Found: /static/admin/js/nav_sidebar.js
[2026-06-21 22:26:02,897] WARNING django.server "GET /static/admin/js/theme.js HTTP/1.1" 404 179
[2026-06-21 22:26:02,899] WARNING django.server "GET /static/admin/js/nav_sidebar.js HTTP/1.1" 404 179
[2026-06-21 22:26:27,595] ERROR django.request Internal Server Error: /api/loan/predict/
Traceback (most recent call last):
  File "D:\Loan_System\.venv\Lib\site-packages\rest_framework\views.py", line 497, in dispatch
    self.initial(request, *args, **kwargs)
    ~~~~~~~~~~~~^^^^^^^^^^^^^^^^^^^^^^^^^^
  File "D:\Loan_System\.venv\Lib\site-packages\rest_framework\views.py", line 415, in initial
    self.check_permissions(request)
    ~~~~~~~~~~~~~~~~~~~~~~^^^^^^^^^
  File "D:\Loan_System\.venv\Lib\site-packages\rest_framework\views.py", line 333, in check_permissions
    self.permission_denied(
    ~~~~~~~~~~~~~~~~~~~~~~^
        request,
        ^^^^^^^^
        message=getattr(permission, 'message', None),
        ^^^^^^^^^^^^^^^^^^^^^^^^^^^^^^^^^^^^^^^^^^^^^
        code=getattr(permission, 'code', None)
        ^^^^^^^^^^^^^^^^^^^^^^^^^^^^^^^^^^^^^^
    )
    ^
  File "D:\Loan_System\.venv\Lib\site-packages\rest_framework\views.py", line 174, in permission_denied
    raise exceptions.NotAuthenticated()
rest_framework.exceptions.NotAuthenticated: Authentication credentials were not provided.

During handling of the above exception, another exception occurred:

Traceback (most recent call last):
  File "D:\Loan_System\.venv\Lib\site-packages\rest_framework\settings.py", line 179, in import_from_string
    return import_string(val)
  File "D:\Loan_System\.venv\Lib\site-packages\django\utils\module_loading.py", line 30, in import_string
    return cached_import(module_path, class_name)
  File "D:\Loan_System\.venv\Lib\site-packages\django\utils\module_loading.py", line 15, in cached_import
    module = import_module(module_path)
  File "C:\Users\Thiri Shwe Zin\AppData\Local\Programs\Python\Python313\Lib\importlib\__init__.py", line 88, in import_module
    return _bootstrap._gcd_import(name[level:], package, level)
           ~~~~~~~~~~~~~~~~~~~~~~^^^^^^^^^^^^^^^^^^^^^^^^^^^^^^
  File "<frozen importlib._bootstrap>", line 1387, in _gcd_import
  File "<frozen importlib._bootstrap>", line 1360, in _find_and_load
  File "<frozen importlib._bootstrap>", line 1324, in _find_and_load_unlocked
ModuleNotFoundError: No module named 'loan_app.exceptions'

During handling of the above exception, another exception occurred:

Traceback (most recent call last):
  File "D:\Loan_System\.venv\Lib\site-packages\django\core\handlers\exception.py", line 55, in inner
    response = get_response(request)
  File "D:\Loan_System\.venv\Lib\site-packages\django\core\handlers\base.py", line 197, in _get_response
    response = wrapped_callback(request, *callback_args, **callback_kwargs)
  File "D:\Loan_System\.venv\Lib\site-packages\django\views\decorators\csrf.py", line 56, in wrapper_view
    return view_func(*args, **kwargs)
  File "D:\Loan_System\.venv\Lib\site-packages\django\views\generic\base.py", line 104, in view
    return self.dispatch(request, *args, **kwargs)
           ~~~~~~~~~~~~~^^^^^^^^^^^^^^^^^^^^^^^^^^
  File "D:\Loan_System\.venv\Lib\site-packages\rest_framework\views.py", line 509, in dispatch
    response = self.handle_exception(exc)
  File "D:\Loan_System\.venv\Lib\site-packages\rest_framework\views.py", line 463, in handle_exception
    exception_handler = self.get_exception_handler()
  File "D:\Loan_System\.venv\Lib\site-packages\rest_framework\views.py", line 298, in get_exception_handler
    return self.settings.EXCEPTION_HANDLER
           ^^^^^^^^^^^^^^^^^^^^^^^^^^^^^^^
  File "D:\Loan_System\.venv\Lib\site-packages\rest_framework\settings.py", line 227, in __getattr__
    val = perform_import(val, attr)
  File "D:\Loan_System\.venv\Lib\site-packages\rest_framework\settings.py", line 168, in perform_import
    return import_from_string(val, setting_name)
  File "D:\Loan_System\.venv\Lib\site-packages\rest_framework\settings.py", line 182, in import_from_string
    raise ImportError(msg)
ImportError: Could not import 'loan_app.exceptions.custom_exception_handler' for API setting 'EXCEPTION_HANDLER'. ModuleNotFoundError: No module named 'loan_app.exceptions'.
[2026-06-21 22:26:27,658] ERROR django.server "GET /api/loan/predict/ HTTP/1.1" 500 145
[2026-06-21 22:27:15,987] ERROR django.request Internal Server Error: /api/loan/predict/
Traceback (most recent call last):
  File "D:\Loan_System\.venv\Lib\site-packages\rest_framework\views.py", line 497, in dispatch
    self.initial(request, *args, **kwargs)
    ~~~~~~~~~~~~^^^^^^^^^^^^^^^^^^^^^^^^^^
  File "D:\Loan_System\.venv\Lib\site-packages\rest_framework\views.py", line 415, in initial
    self.check_permissions(request)
    ~~~~~~~~~~~~~~~~~~~~~~^^^^^^^^^
  File "D:\Loan_System\.venv\Lib\site-packages\rest_framework\views.py", line 333, in check_permissions
    self.permission_denied(
    ~~~~~~~~~~~~~~~~~~~~~~^
        request,
        ^^^^^^^^
        message=getattr(permission, 'message', None),
        ^^^^^^^^^^^^^^^^^^^^^^^^^^^^^^^^^^^^^^^^^^^^^
        code=getattr(permission, 'code', None)
        ^^^^^^^^^^^^^^^^^^^^^^^^^^^^^^^^^^^^^^
    )
    ^
  File "D:\Loan_System\.venv\Lib\site-packages\rest_framework\views.py", line 174, in permission_denied
    raise exceptions.NotAuthenticated()
rest_framework.exceptions.NotAuthenticated: Authentication credentials were not provided.

During handling of the above exception, another exception occurred:

Traceback (most recent call last):
  File "D:\Loan_System\.venv\Lib\site-packages\rest_framework\settings.py", line 179, in import_from_string
    return import_string(val)
  File "D:\Loan_System\.venv\Lib\site-packages\django\utils\module_loading.py", line 30, in import_string
    return cached_import(module_path, class_name)
  File "D:\Loan_System\.venv\Lib\site-packages\django\utils\module_loading.py", line 15, in cached_import
    module = import_module(module_path)
  File "C:\Users\Thiri Shwe Zin\AppData\Local\Programs\Python\Python313\Lib\importlib\__init__.py", line 88, in import_module
    return _bootstrap._gcd_import(name[level:], package, level)
           ~~~~~~~~~~~~~~~~~~~~~~^^^^^^^^^^^^^^^^^^^^^^^^^^^^^^
  File "<frozen importlib._bootstrap>", line 1387, in _gcd_import
  File "<frozen importlib._bootstrap>", line 1360, in _find_and_load
  File "<frozen importlib._bootstrap>", line 1324, in _find_and_load_unlocked
ModuleNotFoundError: No module named 'loan_app.exceptions'

During handling of the above exception, another exception occurred:

Traceback (most recent call last):
  File "D:\Loan_System\.venv\Lib\site-packages\django\core\handlers\exception.py", line 55, in inner
    response = get_response(request)
  File "D:\Loan_System\.venv\Lib\site-packages\django\core\handlers\base.py", line 197, in _get_response
    response = wrapped_callback(request, *callback_args, **callback_kwargs)
  File "D:\Loan_System\.venv\Lib\site-packages\django\views\decorators\csrf.py", line 56, in wrapper_view
    return view_func(*args, **kwargs)
  File "D:\Loan_System\.venv\Lib\site-packages\django\views\generic\base.py", line 104, in view
    return self.dispatch(request, *args, **kwargs)
           ~~~~~~~~~~~~~^^^^^^^^^^^^^^^^^^^^^^^^^^
  File "D:\Loan_System\.venv\Lib\site-packages\rest_framework\views.py", line 509, in dispatch
    response = self.handle_exception(exc)
  File "D:\Loan_System\.venv\Lib\site-packages\rest_framework\views.py", line 463, in handle_exception
    exception_handler = self.get_exception_handler()
  File "D:\Loan_System\.venv\Lib\site-packages\rest_framework\views.py", line 298, in get_exception_handler
    return self.settings.EXCEPTION_HANDLER
           ^^^^^^^^^^^^^^^^^^^^^^^^^^^^^^^
  File "D:\Loan_System\.venv\Lib\site-packages\rest_framework\settings.py", line 227, in __getattr__
    val = perform_import(val, attr)
  File "D:\Loan_System\.venv\Lib\site-packages\rest_framework\settings.py", line 168, in perform_import
    return import_from_string(val, setting_name)
  File "D:\Loan_System\.venv\Lib\site-packages\rest_framework\settings.py", line 182, in import_from_string
    raise ImportError(msg)
ImportError: Could not import 'loan_app.exceptions.custom_exception_handler' for API setting 'EXCEPTION_HANDLER'. ModuleNotFoundError: No module named 'loan_app.exceptions'.
[2026-06-21 22:27:16,002] ERROR django.server "GET /api/loan/predict/ HTTP/1.1" 500 145
[2026-06-21 22:36:01,469] WARNING django.request Not Found: /api/login/
[2026-06-21 22:36:01,479] WARNING django.server "GET /api/login/ HTTP/1.1" 404 179
[2026-06-21 22:36:13,641] WARNING django.request Not Found: /api/token/
[2026-06-21 22:36:13,644] WARNING django.server "GET /api/token/ HTTP/1.1" 404 179
[2026-06-21 22:50:26,310] INFO django.utils.autoreload D:\loan_system\backend\loan_app\views.py changed, reloading.
[2026-06-21 22:50:26,298] INFO django.utils.autoreload D:\loan_system\backend\loan_app\views.py changed, reloading.
[2026-06-21 22:50:27,272] INFO django.utils.autoreload D:\loan_system\backend\loan_app\views.py changed, reloading.
[2026-06-21 22:50:39,594] INFO django.utils.autoreload Watching for file changes with StatReloader
[2026-06-21 22:50:39,594] INFO django.utils.autoreload Watching for file changes with StatReloader
[2026-06-21 22:50:40,318] INFO django.utils.autoreload Watching for file changes with StatReloader
[2026-06-21 22:52:44,324] INFO django.utils.autoreload D:\loan_system\backend\loan_app\views.py changed, reloading.
[2026-06-21 22:52:44,361] INFO django.utils.autoreload D:\loan_system\backend\loan_app\views.py changed, reloading.
[2026-06-21 22:52:44,377] INFO django.utils.autoreload D:\loan_system\backend\loan_app\views.py changed, reloading.
[2026-06-21 22:52:47,326] INFO django.utils.autoreload Watching for file changes with StatReloader
[2026-06-21 22:52:47,327] INFO django.utils.autoreload Watching for file changes with StatReloader
[2026-06-21 22:52:48,051] INFO django.utils.autoreload Watching for file changes with StatReloader
[2026-06-21 22:52:59,108] ERROR django.request Internal Server Error: /api/loan/predict/
Traceback (most recent call last):
  File "D:\Loan_System\.venv\Lib\site-packages\django_redis\cache.py", line 29, in _decorator
    return method(self, *args, **kwargs)
  File "D:\Loan_System\.venv\Lib\site-packages\django_redis\cache.py", line 99, in _get
    return self.client.get(key, default=default, version=version, client=client)
           ~~~~~~~~~~~~~~~^^^^^^^^^^^^^^^^^^^^^^^^^^^^^^^^^^^^^^^^^^^^^^^^^^^^^^
  File "D:\Loan_System\.venv\Lib\site-packages\django_redis\client\default.py", line 260, in get
    raise ConnectionInterrupted(connection=client) from e
django_redis.exceptions.ConnectionInterrupted: Redis ConnectionError: Error 10061 connecting to 127.0.0.1:6379. No connection could be made because the target machine actively refused it.

During handling of the above exception, another exception occurred:

Traceback (most recent call last):
  File "D:\Loan_System\.venv\Lib\site-packages\rest_framework\views.py", line 497, in dispatch
    self.initial(request, *args, **kwargs)
    ~~~~~~~~~~~~^^^^^^^^^^^^^^^^^^^^^^^^^^
  File "D:\Loan_System\.venv\Lib\site-packages\rest_framework\views.py", line 416, in initial
    self.check_throttles(request)
    ~~~~~~~~~~~~~~~~~~~~^^^^^^^^^
  File "D:\Loan_System\.venv\Lib\site-packages\rest_framework\views.py", line 359, in check_throttles
    if not throttle.allow_request(request, self):
           ~~~~~~~~~~~~~~~~~~~~~~^^^^^^^^^^^^^^^
  File "D:\Loan_System\.venv\Lib\site-packages\rest_framework\throttling.py", line 123, in allow_request
    self.history = self.cache.get(self.key, [])
                   ~~~~~~~~~~~~~~^^^^^^^^^^^^^^
  File "D:\Loan_System\.venv\Lib\site-packages\django_redis\cache.py", line 92, in get
    value = self._get(key, default, version, client)
  File "D:\Loan_System\.venv\Lib\site-packages\django_redis\cache.py", line 36, in _decorator
    raise e.__cause__
  File "D:\Loan_System\.venv\Lib\site-packages\django_redis\client\default.py", line 258, in get
    value = client.get(key)
  File "D:\Loan_System\.venv\Lib\site-packages\redis\commands\core.py", line 1829, in get
    return self.execute_command("GET", name)
           ~~~~~~~~~~~~~~~~~~~~^^^^^^^^^^^^^
  File "D:\Loan_System\.venv\Lib\site-packages\redis\client.py", line 533, in execute_command
    conn = self.connection or pool.get_connection(command_name, **options)
                              ~~~~~~~~~~~~~~~~~~~^^^^^^^^^^^^^^^^^^^^^^^^^
  File "D:\Loan_System\.venv\Lib\site-packages\redis\connection.py", line 1086, in get_connection
    connection.connect()
    ~~~~~~~~~~~~~~~~~~^^
  File "D:\Loan_System\.venv\Lib\site-packages\redis\connection.py", line 270, in connect
    raise ConnectionError(self._error_message(e))
redis.exceptions.ConnectionError: Error 10061 connecting to 127.0.0.1:6379. No connection could be made because the target machine actively refused it.

During handling of the above exception, another exception occurred:

Traceback (most recent call last):
  File "D:\Loan_System\.venv\Lib\site-packages\rest_framework\settings.py", line 179, in import_from_string
    return import_string(val)
  File "D:\Loan_System\.venv\Lib\site-packages\django\utils\module_loading.py", line 30, in import_string
    return cached_import(module_path, class_name)
  File "D:\Loan_System\.venv\Lib\site-packages\django\utils\module_loading.py", line 15, in cached_import
    module = import_module(module_path)
  File "C:\Users\Thiri Shwe Zin\AppData\Local\Programs\Python\Python313\Lib\importlib\__init__.py", line 88, in import_module
    return _bootstrap._gcd_import(name[level:], package, level)
           ~~~~~~~~~~~~~~~~~~~~~~^^^^^^^^^^^^^^^^^^^^^^^^^^^^^^
  File "<frozen importlib._bootstrap>", line 1387, in _gcd_import
  File "<frozen importlib._bootstrap>", line 1360, in _find_and_load
  File "<frozen importlib._bootstrap>", line 1324, in _find_and_load_unlocked
ModuleNotFoundError: No module named 'loan_app.exceptions'

During handling of the above exception, another exception occurred:

Traceback (most recent call last):
  File "D:\Loan_System\.venv\Lib\site-packages\django\core\handlers\exception.py", line 55, in inner
    response = get_response(request)
  File "D:\Loan_System\.venv\Lib\site-packages\django\core\handlers\base.py", line 197, in _get_response
    response = wrapped_callback(request, *callback_args, **callback_kwargs)
  File "D:\Loan_System\.venv\Lib\site-packages\django\views\decorators\csrf.py", line 56, in wrapper_view
    return view_func(*args, **kwargs)
  File "D:\Loan_System\.venv\Lib\site-packages\django\views\generic\base.py", line 104, in view
    return self.dispatch(request, *args, **kwargs)
           ~~~~~~~~~~~~~^^^^^^^^^^^^^^^^^^^^^^^^^^
  File "D:\Loan_System\.venv\Lib\site-packages\rest_framework\views.py", line 509, in dispatch
    response = self.handle_exception(exc)
  File "D:\Loan_System\.venv\Lib\site-packages\rest_framework\views.py", line 463, in handle_exception
    exception_handler = self.get_exception_handler()
  File "D:\Loan_System\.venv\Lib\site-packages\rest_framework\views.py", line 298, in get_exception_handler
    return self.settings.EXCEPTION_HANDLER
           ^^^^^^^^^^^^^^^^^^^^^^^^^^^^^^^
  File "D:\Loan_System\.venv\Lib\site-packages\rest_framework\settings.py", line 227, in __getattr__
    val = perform_import(val, attr)
  File "D:\Loan_System\.venv\Lib\site-packages\rest_framework\settings.py", line 168, in perform_import
    return import_from_string(val, setting_name)
  File "D:\Loan_System\.venv\Lib\site-packages\rest_framework\settings.py", line 182, in import_from_string
    raise ImportError(msg)
ImportError: Could not import 'loan_app.exceptions.custom_exception_handler' for API setting 'EXCEPTION_HANDLER'. ModuleNotFoundError: No module named 'loan_app.exceptions'.
[2026-06-21 22:52:59,550] ERROR django.server "GET /api/loan/predict/ HTTP/1.1" 500 145
[2026-06-21 22:53:01,667] ERROR django.request Internal Server Error: /api/loan/predict/
Traceback (most recent call last):
  File "D:\Loan_System\.venv\Lib\site-packages\django_redis\cache.py", line 29, in _decorator
    return method(self, *args, **kwargs)
  File "D:\Loan_System\.venv\Lib\site-packages\django_redis\cache.py", line 99, in _get
    return self.client.get(key, default=default, version=version, client=client)
           ~~~~~~~~~~~~~~~^^^^^^^^^^^^^^^^^^^^^^^^^^^^^^^^^^^^^^^^^^^^^^^^^^^^^^
  File "D:\Loan_System\.venv\Lib\site-packages\django_redis\client\default.py", line 260, in get
    raise ConnectionInterrupted(connection=client) from e
django_redis.exceptions.ConnectionInterrupted: Redis ConnectionError: Error 10061 connecting to 127.0.0.1:6379. No connection could be made because the target machine actively refused it.

During handling of the above exception, another exception occurred:

Traceback (most recent call last):
  File "D:\Loan_System\.venv\Lib\site-packages\rest_framework\views.py", line 497, in dispatch
    self.initial(request, *args, **kwargs)
    ~~~~~~~~~~~~^^^^^^^^^^^^^^^^^^^^^^^^^^
  File "D:\Loan_System\.venv\Lib\site-packages\rest_framework\views.py", line 416, in initial
    self.check_throttles(request)
    ~~~~~~~~~~~~~~~~~~~~^^^^^^^^^
  File "D:\Loan_System\.venv\Lib\site-packages\rest_framework\views.py", line 359, in check_throttles
    if not throttle.allow_request(request, self):
           ~~~~~~~~~~~~~~~~~~~~~~^^^^^^^^^^^^^^^
  File "D:\Loan_System\.venv\Lib\site-packages\rest_framework\throttling.py", line 123, in allow_request
    self.history = self.cache.get(self.key, [])
                   ~~~~~~~~~~~~~~^^^^^^^^^^^^^^
  File "D:\Loan_System\.venv\Lib\site-packages\django_redis\cache.py", line 92, in get
    value = self._get(key, default, version, client)
  File "D:\Loan_System\.venv\Lib\site-packages\django_redis\cache.py", line 36, in _decorator
    raise e.__cause__
  File "D:\Loan_System\.venv\Lib\site-packages\django_redis\client\default.py", line 258, in get
    value = client.get(key)
  File "D:\Loan_System\.venv\Lib\site-packages\redis\commands\core.py", line 1829, in get
    return self.execute_command("GET", name)
           ~~~~~~~~~~~~~~~~~~~~^^^^^^^^^^^^^
  File "D:\Loan_System\.venv\Lib\site-packages\redis\client.py", line 533, in execute_command
    conn = self.connection or pool.get_connection(command_name, **options)
                              ~~~~~~~~~~~~~~~~~~~^^^^^^^^^^^^^^^^^^^^^^^^^
  File "D:\Loan_System\.venv\Lib\site-packages\redis\connection.py", line 1086, in get_connection
    connection.connect()
    ~~~~~~~~~~~~~~~~~~^^
  File "D:\Loan_System\.venv\Lib\site-packages\redis\connection.py", line 270, in connect
    raise ConnectionError(self._error_message(e))
redis.exceptions.ConnectionError: Error 10061 connecting to 127.0.0.1:6379. No connection could be made because the target machine actively refused it.

During handling of the above exception, another exception occurred:

Traceback (most recent call last):
  File "D:\Loan_System\.venv\Lib\site-packages\rest_framework\settings.py", line 179, in import_from_string
    return import_string(val)
  File "D:\Loan_System\.venv\Lib\site-packages\django\utils\module_loading.py", line 30, in import_string
    return cached_import(module_path, class_name)
  File "D:\Loan_System\.venv\Lib\site-packages\django\utils\module_loading.py", line 15, in cached_import
    module = import_module(module_path)
  File "C:\Users\Thiri Shwe Zin\AppData\Local\Programs\Python\Python313\Lib\importlib\__init__.py", line 88, in import_module
    return _bootstrap._gcd_import(name[level:], package, level)
           ~~~~~~~~~~~~~~~~~~~~~~^^^^^^^^^^^^^^^^^^^^^^^^^^^^^^
  File "<frozen importlib._bootstrap>", line 1387, in _gcd_import
  File "<frozen importlib._bootstrap>", line 1360, in _find_and_load
  File "<frozen importlib._bootstrap>", line 1324, in _find_and_load_unlocked
ModuleNotFoundError: No module named 'loan_app.exceptions'

During handling of the above exception, another exception occurred:

Traceback (most recent call last):
  File "D:\Loan_System\.venv\Lib\site-packages\django\core\handlers\exception.py", line 55, in inner
    response = get_response(request)
  File "D:\Loan_System\.venv\Lib\site-packages\django\core\handlers\base.py", line 197, in _get_response
    response = wrapped_callback(request, *callback_args, **callback_kwargs)
  File "D:\Loan_System\.venv\Lib\site-packages\django\views\decorators\csrf.py", line 56, in wrapper_view
    return view_func(*args, **kwargs)
  File "D:\Loan_System\.venv\Lib\site-packages\django\views\generic\base.py", line 104, in view
    return self.dispatch(request, *args, **kwargs)
           ~~~~~~~~~~~~~^^^^^^^^^^^^^^^^^^^^^^^^^^
  File "D:\Loan_System\.venv\Lib\site-packages\rest_framework\views.py", line 509, in dispatch
    response = self.handle_exception(exc)
  File "D:\Loan_System\.venv\Lib\site-packages\rest_framework\views.py", line 463, in handle_exception
    exception_handler = self.get_exception_handler()
  File "D:\Loan_System\.venv\Lib\site-packages\rest_framework\views.py", line 298, in get_exception_handler
    return self.settings.EXCEPTION_HANDLER
           ^^^^^^^^^^^^^^^^^^^^^^^^^^^^^^^
  File "D:\Loan_System\.venv\Lib\site-packages\rest_framework\settings.py", line 227, in __getattr__
    val = perform_import(val, attr)
  File "D:\Loan_System\.venv\Lib\site-packages\rest_framework\settings.py", line 168, in perform_import
    return import_from_string(val, setting_name)
  File "D:\Loan_System\.venv\Lib\site-packages\rest_framework\settings.py", line 182, in import_from_string
    raise ImportError(msg)
ImportError: Could not import 'loan_app.exceptions.custom_exception_handler' for API setting 'EXCEPTION_HANDLER'. ModuleNotFoundError: No module named 'loan_app.exceptions'.
[2026-06-21 22:53:01,677] ERROR django.server "GET /api/loan/predict/ HTTP/1.1" 500 145
[2026-06-21 22:55:18,875] INFO django.utils.autoreload D:\loan_system\backend\loan_app\views.py changed, reloading.
[2026-06-21 22:55:18,934] INFO django.utils.autoreload D:\loan_system\backend\loan_app\views.py changed, reloading.
[2026-06-21 22:55:20,679] INFO django.utils.autoreload D:\loan_system\backend\loan_app\views.py changed, reloading.
[2026-06-21 22:55:24,734] INFO django.utils.autoreload Watching for file changes with StatReloader
[2026-06-21 22:55:24,833] INFO django.utils.autoreload Watching for file changes with StatReloader
[2026-06-21 22:55:26,215] INFO django.utils.autoreload Watching for file changes with StatReloader
[2026-06-21 22:56:19,466] ERROR django.request Internal Server Error: /api/loan/predict/
Traceback (most recent call last):
  File "D:\Loan_System\.venv\Lib\site-packages\django_redis\cache.py", line 29, in _decorator
    return method(self, *args, **kwargs)
  File "D:\Loan_System\.venv\Lib\site-packages\django_redis\cache.py", line 99, in _get
    return self.client.get(key, default=default, version=version, client=client)
           ~~~~~~~~~~~~~~~^^^^^^^^^^^^^^^^^^^^^^^^^^^^^^^^^^^^^^^^^^^^^^^^^^^^^^
  File "D:\Loan_System\.venv\Lib\site-packages\django_redis\client\default.py", line 260, in get
    raise ConnectionInterrupted(connection=client) from e
django_redis.exceptions.ConnectionInterrupted: Redis ConnectionError: Error 10061 connecting to 127.0.0.1:6379. No connection could be made because the target machine actively refused it.

During handling of the above exception, another exception occurred:

Traceback (most recent call last):
  File "D:\Loan_System\.venv\Lib\site-packages\rest_framework\views.py", line 497, in dispatch
    self.initial(request, *args, **kwargs)
    ~~~~~~~~~~~~^^^^^^^^^^^^^^^^^^^^^^^^^^
  File "D:\Loan_System\.venv\Lib\site-packages\rest_framework\views.py", line 416, in initial
    self.check_throttles(request)
    ~~~~~~~~~~~~~~~~~~~~^^^^^^^^^
  File "D:\Loan_System\.venv\Lib\site-packages\rest_framework\views.py", line 359, in check_throttles
    if not throttle.allow_request(request, self):
           ~~~~~~~~~~~~~~~~~~~~~~^^^^^^^^^^^^^^^
  File "D:\Loan_System\.venv\Lib\site-packages\rest_framework\throttling.py", line 123, in allow_request
    self.history = self.cache.get(self.key, [])
                   ~~~~~~~~~~~~~~^^^^^^^^^^^^^^
  File "D:\Loan_System\.venv\Lib\site-packages\django_redis\cache.py", line 92, in get
    value = self._get(key, default, version, client)
  File "D:\Loan_System\.venv\Lib\site-packages\django_redis\cache.py", line 36, in _decorator
    raise e.__cause__
  File "D:\Loan_System\.venv\Lib\site-packages\django_redis\client\default.py", line 258, in get
    value = client.get(key)
  File "D:\Loan_System\.venv\Lib\site-packages\redis\commands\core.py", line 1829, in get
    return self.execute_command("GET", name)
           ~~~~~~~~~~~~~~~~~~~~^^^^^^^^^^^^^
  File "D:\Loan_System\.venv\Lib\site-packages\redis\client.py", line 533, in execute_command
    conn = self.connection or pool.get_connection(command_name, **options)
                              ~~~~~~~~~~~~~~~~~~~^^^^^^^^^^^^^^^^^^^^^^^^^
  File "D:\Loan_System\.venv\Lib\site-packages\redis\connection.py", line 1086, in get_connection
    connection.connect()
    ~~~~~~~~~~~~~~~~~~^^
  File "D:\Loan_System\.venv\Lib\site-packages\redis\connection.py", line 270, in connect
    raise ConnectionError(self._error_message(e))
redis.exceptions.ConnectionError: Error 10061 connecting to 127.0.0.1:6379. No connection could be made because the target machine actively refused it.

During handling of the above exception, another exception occurred:

Traceback (most recent call last):
  File "D:\Loan_System\.venv\Lib\site-packages\rest_framework\settings.py", line 179, in import_from_string
    return import_string(val)
  File "D:\Loan_System\.venv\Lib\site-packages\django\utils\module_loading.py", line 30, in import_string
    return cached_import(module_path, class_name)
  File "D:\Loan_System\.venv\Lib\site-packages\django\utils\module_loading.py", line 15, in cached_import
    module = import_module(module_path)
  File "C:\Users\Thiri Shwe Zin\AppData\Local\Programs\Python\Python313\Lib\importlib\__init__.py", line 88, in import_module
    return _bootstrap._gcd_import(name[level:], package, level)
           ~~~~~~~~~~~~~~~~~~~~~~^^^^^^^^^^^^^^^^^^^^^^^^^^^^^^
  File "<frozen importlib._bootstrap>", line 1387, in _gcd_import
  File "<frozen importlib._bootstrap>", line 1360, in _find_and_load
  File "<frozen importlib._bootstrap>", line 1324, in _find_and_load_unlocked
ModuleNotFoundError: No module named 'loan_app.exceptions'

During handling of the above exception, another exception occurred:

Traceback (most recent call last):
  File "D:\Loan_System\.venv\Lib\site-packages\django\core\handlers\exception.py", line 55, in inner
    response = get_response(request)
  File "D:\Loan_System\.venv\Lib\site-packages\django\core\handlers\base.py", line 197, in _get_response
    response = wrapped_callback(request, *callback_args, **callback_kwargs)
  File "D:\Loan_System\.venv\Lib\site-packages\django\views\decorators\csrf.py", line 56, in wrapper_view
    return view_func(*args, **kwargs)
  File "D:\Loan_System\.venv\Lib\site-packages\django\views\generic\base.py", line 104, in view
    return self.dispatch(request, *args, **kwargs)
           ~~~~~~~~~~~~~^^^^^^^^^^^^^^^^^^^^^^^^^^
  File "D:\Loan_System\.venv\Lib\site-packages\rest_framework\views.py", line 509, in dispatch
    response = self.handle_exception(exc)
  File "D:\Loan_System\.venv\Lib\site-packages\rest_framework\views.py", line 463, in handle_exception
    exception_handler = self.get_exception_handler()
  File "D:\Loan_System\.venv\Lib\site-packages\rest_framework\views.py", line 298, in get_exception_handler
    return self.settings.EXCEPTION_HANDLER
           ^^^^^^^^^^^^^^^^^^^^^^^^^^^^^^^
  File "D:\Loan_System\.venv\Lib\site-packages\rest_framework\settings.py", line 227, in __getattr__
    val = perform_import(val, attr)
  File "D:\Loan_System\.venv\Lib\site-packages\rest_framework\settings.py", line 168, in perform_import
    return import_from_string(val, setting_name)
  File "D:\Loan_System\.venv\Lib\site-packages\rest_framework\settings.py", line 182, in import_from_string
    raise ImportError(msg)
ImportError: Could not import 'loan_app.exceptions.custom_exception_handler' for API setting 'EXCEPTION_HANDLER'. ModuleNotFoundError: No module named 'loan_app.exceptions'.
[2026-06-21 22:56:19,504] ERROR django.server "GET /api/loan/predict/ HTTP/1.1" 500 145
[2026-06-21 22:57:33,093] INFO django.utils.autoreload D:\loan_system\backend\loan_app\views.py changed, reloading.
[2026-06-21 22:57:33,281] INFO django.utils.autoreload D:\loan_system\backend\loan_app\views.py changed, reloading.
[2026-06-21 22:57:33,345] INFO django.utils.autoreload D:\loan_system\backend\loan_app\views.py changed, reloading.
[2026-06-21 22:57:36,307] INFO django.utils.autoreload Watching for file changes with StatReloader
[2026-06-21 22:57:36,422] INFO django.utils.autoreload Watching for file changes with StatReloader
[2026-06-21 22:57:37,547] INFO django.utils.autoreload Watching for file changes with StatReloader
[2026-06-21 22:59:39,966] INFO django.utils.autoreload Watching for file changes with StatReloader
[2026-06-21 23:01:43,086] INFO django.utils.autoreload D:\loan_system\backend\loan_app\views.py changed, reloading.
[2026-06-21 23:01:43,229] INFO django.utils.autoreload D:\loan_system\backend\loan_app\views.py changed, reloading.
[2026-06-21 23:01:46,612] INFO django.utils.autoreload Watching for file changes with StatReloader
[2026-06-21 23:01:48,041] INFO django.utils.autoreload Watching for file changes with StatReloader
[2026-06-21 23:02:52,360] INFO django.utils.autoreload Watching for file changes with StatReloader
[2026-06-21 23:04:25,914] INFO django.utils.autoreload D:\loan_system\backend\loan_app\views.py changed, reloading.
[2026-06-21 23:04:26,409] INFO django.utils.autoreload D:\loan_system\backend\loan_app\views.py changed, reloading.
[2026-06-21 23:04:26,746] INFO django.utils.autoreload D:\loan_system\backend\loan_app\views.py changed, reloading.
[2026-06-21 23:04:28,962] INFO django.utils.autoreload Watching for file changes with StatReloader
[2026-06-21 23:04:29,074] INFO django.utils.autoreload Watching for file changes with StatReloader
[2026-06-21 23:04:29,507] INFO django.utils.autoreload Watching for file changes with StatReloader
[2026-06-21 23:06:07,260] INFO django.utils.autoreload Watching for file changes with StatReloader
[2026-06-21 23:08:50,422] INFO django.utils.autoreload Watching for file changes with StatReloader
[2026-06-21 23:09:07,589] ERROR django.request Internal Server Error: /api/loan/predict/
Traceback (most recent call last):
  File "D:\Loan_System\.venv\Lib\site-packages\django_redis\cache.py", line 29, in _decorator
    return method(self, *args, **kwargs)
  File "D:\Loan_System\.venv\Lib\site-packages\django_redis\cache.py", line 99, in _get
    return self.client.get(key, default=default, version=version, client=client)
           ~~~~~~~~~~~~~~~^^^^^^^^^^^^^^^^^^^^^^^^^^^^^^^^^^^^^^^^^^^^^^^^^^^^^^
  File "D:\Loan_System\.venv\Lib\site-packages\django_redis\client\default.py", line 260, in get
    raise ConnectionInterrupted(connection=client) from e
django_redis.exceptions.ConnectionInterrupted: Redis ConnectionError: Error 10061 connecting to 127.0.0.1:6379. No connection could be made because the target machine actively refused it.

During handling of the above exception, another exception occurred:

Traceback (most recent call last):
  File "D:\Loan_System\.venv\Lib\site-packages\rest_framework\views.py", line 497, in dispatch
    self.initial(request, *args, **kwargs)
    ~~~~~~~~~~~~^^^^^^^^^^^^^^^^^^^^^^^^^^
  File "D:\Loan_System\.venv\Lib\site-packages\rest_framework\views.py", line 416, in initial
    self.check_throttles(request)
    ~~~~~~~~~~~~~~~~~~~~^^^^^^^^^
  File "D:\Loan_System\.venv\Lib\site-packages\rest_framework\views.py", line 359, in check_throttles
    if not throttle.allow_request(request, self):
           ~~~~~~~~~~~~~~~~~~~~~~^^^^^^^^^^^^^^^
  File "D:\Loan_System\.venv\Lib\site-packages\rest_framework\throttling.py", line 123, in allow_request
    self.history = self.cache.get(self.key, [])
                   ~~~~~~~~~~~~~~^^^^^^^^^^^^^^
  File "D:\Loan_System\.venv\Lib\site-packages\django_redis\cache.py", line 92, in get
    value = self._get(key, default, version, client)
  File "D:\Loan_System\.venv\Lib\site-packages\django_redis\cache.py", line 36, in _decorator
    raise e.__cause__
  File "D:\Loan_System\.venv\Lib\site-packages\django_redis\client\default.py", line 258, in get
    value = client.get(key)
  File "D:\Loan_System\.venv\Lib\site-packages\redis\commands\core.py", line 1829, in get
    return self.execute_command("GET", name)
           ~~~~~~~~~~~~~~~~~~~~^^^^^^^^^^^^^
  File "D:\Loan_System\.venv\Lib\site-packages\redis\client.py", line 533, in execute_command
    conn = self.connection or pool.get_connection(command_name, **options)
                              ~~~~~~~~~~~~~~~~~~~^^^^^^^^^^^^^^^^^^^^^^^^^
  File "D:\Loan_System\.venv\Lib\site-packages\redis\connection.py", line 1086, in get_connection
    connection.connect()
    ~~~~~~~~~~~~~~~~~~^^
  File "D:\Loan_System\.venv\Lib\site-packages\redis\connection.py", line 270, in connect
    raise ConnectionError(self._error_message(e))
redis.exceptions.ConnectionError: Error 10061 connecting to 127.0.0.1:6379. No connection could be made because the target machine actively refused it.

During handling of the above exception, another exception occurred:

Traceback (most recent call last):
  File "D:\Loan_System\.venv\Lib\site-packages\rest_framework\settings.py", line 179, in import_from_string
    return import_string(val)
  File "D:\Loan_System\.venv\Lib\site-packages\django\utils\module_loading.py", line 30, in import_string
    return cached_import(module_path, class_name)
  File "D:\Loan_System\.venv\Lib\site-packages\django\utils\module_loading.py", line 15, in cached_import
    module = import_module(module_path)
  File "C:\Users\Thiri Shwe Zin\AppData\Local\Programs\Python\Python313\Lib\importlib\__init__.py", line 88, in import_module
    return _bootstrap._gcd_import(name[level:], package, level)
           ~~~~~~~~~~~~~~~~~~~~~~^^^^^^^^^^^^^^^^^^^^^^^^^^^^^^
  File "<frozen importlib._bootstrap>", line 1387, in _gcd_import
  File "<frozen importlib._bootstrap>", line 1360, in _find_and_load
  File "<frozen importlib._bootstrap>", line 1324, in _find_and_load_unlocked
ModuleNotFoundError: No module named 'loan_app.exceptions'

During handling of the above exception, another exception occurred:

Traceback (most recent call last):
  File "D:\Loan_System\.venv\Lib\site-packages\django\core\handlers\exception.py", line 55, in inner
    response = get_response(request)
  File "D:\Loan_System\.venv\Lib\site-packages\django\core\handlers\base.py", line 197, in _get_response
    response = wrapped_callback(request, *callback_args, **callback_kwargs)
  File "D:\Loan_System\.venv\Lib\site-packages\django\views\decorators\csrf.py", line 56, in wrapper_view
    return view_func(*args, **kwargs)
  File "D:\Loan_System\.venv\Lib\site-packages\django\views\generic\base.py", line 104, in view
    return self.dispatch(request, *args, **kwargs)
           ~~~~~~~~~~~~~^^^^^^^^^^^^^^^^^^^^^^^^^^
  File "D:\Loan_System\.venv\Lib\site-packages\rest_framework\views.py", line 509, in dispatch
    response = self.handle_exception(exc)
  File "D:\Loan_System\.venv\Lib\site-packages\rest_framework\views.py", line 463, in handle_exception
    exception_handler = self.get_exception_handler()
  File "D:\Loan_System\.venv\Lib\site-packages\rest_framework\views.py", line 298, in get_exception_handler
    return self.settings.EXCEPTION_HANDLER
           ^^^^^^^^^^^^^^^^^^^^^^^^^^^^^^^
  File "D:\Loan_System\.venv\Lib\site-packages\rest_framework\settings.py", line 227, in __getattr__
    val = perform_import(val, attr)
  File "D:\Loan_System\.venv\Lib\site-packages\rest_framework\settings.py", line 168, in perform_import
    return import_from_string(val, setting_name)
  File "D:\Loan_System\.venv\Lib\site-packages\rest_framework\settings.py", line 182, in import_from_string
    raise ImportError(msg)
ImportError: Could not import 'loan_app.exceptions.custom_exception_handler' for API setting 'EXCEPTION_HANDLER'. ModuleNotFoundError: No module named 'loan_app.exceptions'.
[2026-06-21 23:09:07,626] ERROR django.server "GET /api/loan/predict/ HTTP/1.1" 500 145
[2026-06-21 23:11:25,184] INFO django.utils.autoreload D:\loan_system\backend\loan_app\views.py changed, reloading.
[2026-06-21 23:11:25,296] INFO django.utils.autoreload D:\loan_system\backend\loan_app\views.py changed, reloading.
[2026-06-21 23:11:25,317] INFO django.utils.autoreload D:\loan_system\backend\loan_app\views.py changed, reloading.
[2026-06-21 23:11:27,973] INFO django.utils.autoreload Watching for file changes with StatReloader
[2026-06-21 23:11:28,082] INFO django.utils.autoreload Watching for file changes with StatReloader
[2026-06-21 23:11:28,629] INFO django.utils.autoreload Watching for file changes with StatReloader
[2026-06-21 23:11:32,499] ERROR django.request Internal Server Error: /api/loan/predict/
Traceback (most recent call last):
  File "D:\Loan_System\.venv\Lib\site-packages\django_redis\cache.py", line 29, in _decorator
    return method(self, *args, **kwargs)
  File "D:\Loan_System\.venv\Lib\site-packages\django_redis\cache.py", line 99, in _get
    return self.client.get(key, default=default, version=version, client=client)
           ~~~~~~~~~~~~~~~^^^^^^^^^^^^^^^^^^^^^^^^^^^^^^^^^^^^^^^^^^^^^^^^^^^^^^
  File "D:\Loan_System\.venv\Lib\site-packages\django_redis\client\default.py", line 260, in get
    raise ConnectionInterrupted(connection=client) from e
django_redis.exceptions.ConnectionInterrupted: Redis ConnectionError: Error 10061 connecting to 127.0.0.1:6379. No connection could be made because the target machine actively refused it.

During handling of the above exception, another exception occurred:

Traceback (most recent call last):
  File "D:\Loan_System\.venv\Lib\site-packages\rest_framework\views.py", line 497, in dispatch
    self.initial(request, *args, **kwargs)
    ~~~~~~~~~~~~^^^^^^^^^^^^^^^^^^^^^^^^^^
  File "D:\Loan_System\.venv\Lib\site-packages\rest_framework\views.py", line 416, in initial
    self.check_throttles(request)
    ~~~~~~~~~~~~~~~~~~~~^^^^^^^^^
  File "D:\Loan_System\.venv\Lib\site-packages\rest_framework\views.py", line 359, in check_throttles
    if not throttle.allow_request(request, self):
           ~~~~~~~~~~~~~~~~~~~~~~^^^^^^^^^^^^^^^
  File "D:\Loan_System\.venv\Lib\site-packages\rest_framework\throttling.py", line 123, in allow_request
    self.history = self.cache.get(self.key, [])
                   ~~~~~~~~~~~~~~^^^^^^^^^^^^^^
  File "D:\Loan_System\.venv\Lib\site-packages\django_redis\cache.py", line 92, in get
    value = self._get(key, default, version, client)
  File "D:\Loan_System\.venv\Lib\site-packages\django_redis\cache.py", line 36, in _decorator
    raise e.__cause__
  File "D:\Loan_System\.venv\Lib\site-packages\django_redis\client\default.py", line 258, in get
    value = client.get(key)
  File "D:\Loan_System\.venv\Lib\site-packages\redis\commands\core.py", line 1829, in get
    return self.execute_command("GET", name)
           ~~~~~~~~~~~~~~~~~~~~^^^^^^^^^^^^^
  File "D:\Loan_System\.venv\Lib\site-packages\redis\client.py", line 533, in execute_command
    conn = self.connection or pool.get_connection(command_name, **options)
                              ~~~~~~~~~~~~~~~~~~~^^^^^^^^^^^^^^^^^^^^^^^^^
  File "D:\Loan_System\.venv\Lib\site-packages\redis\connection.py", line 1086, in get_connection
    connection.connect()
    ~~~~~~~~~~~~~~~~~~^^
  File "D:\Loan_System\.venv\Lib\site-packages\redis\connection.py", line 270, in connect
    raise ConnectionError(self._error_message(e))
redis.exceptions.ConnectionError: Error 10061 connecting to 127.0.0.1:6379. No connection could be made because the target machine actively refused it.

During handling of the above exception, another exception occurred:

Traceback (most recent call last):
  File "D:\Loan_System\.venv\Lib\site-packages\rest_framework\settings.py", line 179, in import_from_string
    return import_string(val)
  File "D:\Loan_System\.venv\Lib\site-packages\django\utils\module_loading.py", line 30, in import_string
    return cached_import(module_path, class_name)
  File "D:\Loan_System\.venv\Lib\site-packages\django\utils\module_loading.py", line 15, in cached_import
    module = import_module(module_path)
  File "C:\Users\Thiri Shwe Zin\AppData\Local\Programs\Python\Python313\Lib\importlib\__init__.py", line 88, in import_module
    return _bootstrap._gcd_import(name[level:], package, level)
           ~~~~~~~~~~~~~~~~~~~~~~^^^^^^^^^^^^^^^^^^^^^^^^^^^^^^
  File "<frozen importlib._bootstrap>", line 1387, in _gcd_import
  File "<frozen importlib._bootstrap>", line 1360, in _find_and_load
  File "<frozen importlib._bootstrap>", line 1324, in _find_and_load_unlocked
ModuleNotFoundError: No module named 'loan_app.exceptions'

During handling of the above exception, another exception occurred:

Traceback (most recent call last):
  File "D:\Loan_System\.venv\Lib\site-packages\django\core\handlers\exception.py", line 55, in inner
    response = get_response(request)
  File "D:\Loan_System\.venv\Lib\site-packages\django\core\handlers\base.py", line 197, in _get_response
    response = wrapped_callback(request, *callback_args, **callback_kwargs)
  File "D:\Loan_System\.venv\Lib\site-packages\django\views\decorators\csrf.py", line 56, in wrapper_view
    return view_func(*args, **kwargs)
  File "D:\Loan_System\.venv\Lib\site-packages\django\views\generic\base.py", line 104, in view
    return self.dispatch(request, *args, **kwargs)
           ~~~~~~~~~~~~~^^^^^^^^^^^^^^^^^^^^^^^^^^
  File "D:\Loan_System\.venv\Lib\site-packages\rest_framework\views.py", line 509, in dispatch
    response = self.handle_exception(exc)
  File "D:\Loan_System\.venv\Lib\site-packages\rest_framework\views.py", line 463, in handle_exception
    exception_handler = self.get_exception_handler()
  File "D:\Loan_System\.venv\Lib\site-packages\rest_framework\views.py", line 298, in get_exception_handler
    return self.settings.EXCEPTION_HANDLER
           ^^^^^^^^^^^^^^^^^^^^^^^^^^^^^^^
  File "D:\Loan_System\.venv\Lib\site-packages\rest_framework\settings.py", line 227, in __getattr__
    val = perform_import(val, attr)
  File "D:\Loan_System\.venv\Lib\site-packages\rest_framework\settings.py", line 168, in perform_import
    return import_from_string(val, setting_name)
  File "D:\Loan_System\.venv\Lib\site-packages\rest_framework\settings.py", line 182, in import_from_string
    raise ImportError(msg)
ImportError: Could not import 'loan_app.exceptions.custom_exception_handler' for API setting 'EXCEPTION_HANDLER'. ModuleNotFoundError: No module named 'loan_app.exceptions'.
[2026-06-21 23:11:32,519] ERROR django.server "GET /api/loan/predict/ HTTP/1.1" 500 145
[2026-06-21 23:17:22,896] INFO django.utils.autoreload D:\loan_system\backend\loan_app\views.py changed, reloading.
[2026-06-21 23:17:22,986] INFO django.utils.autoreload D:\loan_system\backend\loan_app\views.py changed, reloading.
[2026-06-21 23:17:23,020] INFO django.utils.autoreload D:\loan_system\backend\loan_app\views.py changed, reloading.
[2026-06-21 23:17:25,839] INFO django.utils.autoreload Watching for file changes with StatReloader
[2026-06-21 23:17:25,839] INFO django.utils.autoreload Watching for file changes with StatReloader
[2026-06-21 23:17:26,327] INFO django.utils.autoreload Watching for file changes with StatReloader
[2026-06-21 23:17:55,872] ERROR django.request Internal Server Error: /api/loan/predict/
Traceback (most recent call last):
  File "D:\Loan_System\.venv\Lib\site-packages\django_redis\cache.py", line 29, in _decorator
    return method(self, *args, **kwargs)
  File "D:\Loan_System\.venv\Lib\site-packages\django_redis\cache.py", line 99, in _get
    return self.client.get(key, default=default, version=version, client=client)
           ~~~~~~~~~~~~~~~^^^^^^^^^^^^^^^^^^^^^^^^^^^^^^^^^^^^^^^^^^^^^^^^^^^^^^
  File "D:\Loan_System\.venv\Lib\site-packages\django_redis\client\default.py", line 260, in get
    raise ConnectionInterrupted(connection=client) from e
django_redis.exceptions.ConnectionInterrupted: Redis ConnectionError: Error 10061 connecting to 127.0.0.1:6379. No connection could be made because the target machine actively refused it.

During handling of the above exception, another exception occurred:

Traceback (most recent call last):
  File "D:\Loan_System\.venv\Lib\site-packages\rest_framework\views.py", line 497, in dispatch
    self.initial(request, *args, **kwargs)
    ~~~~~~~~~~~~^^^^^^^^^^^^^^^^^^^^^^^^^^
  File "D:\Loan_System\.venv\Lib\site-packages\rest_framework\views.py", line 416, in initial
    self.check_throttles(request)
    ~~~~~~~~~~~~~~~~~~~~^^^^^^^^^
  File "D:\Loan_System\.venv\Lib\site-packages\rest_framework\views.py", line 359, in check_throttles
    if not throttle.allow_request(request, self):
           ~~~~~~~~~~~~~~~~~~~~~~^^^^^^^^^^^^^^^
  File "D:\Loan_System\.venv\Lib\site-packages\rest_framework\throttling.py", line 123, in allow_request
    self.history = self.cache.get(self.key, [])
                   ~~~~~~~~~~~~~~^^^^^^^^^^^^^^
  File "D:\Loan_System\.venv\Lib\site-packages\django_redis\cache.py", line 92, in get
    value = self._get(key, default, version, client)
  File "D:\Loan_System\.venv\Lib\site-packages\django_redis\cache.py", line 36, in _decorator
    raise e.__cause__
  File "D:\Loan_System\.venv\Lib\site-packages\django_redis\client\default.py", line 258, in get
    value = client.get(key)
  File "D:\Loan_System\.venv\Lib\site-packages\redis\commands\core.py", line 1829, in get
    return self.execute_command("GET", name)
           ~~~~~~~~~~~~~~~~~~~~^^^^^^^^^^^^^
  File "D:\Loan_System\.venv\Lib\site-packages\redis\client.py", line 533, in execute_command
    conn = self.connection or pool.get_connection(command_name, **options)
                              ~~~~~~~~~~~~~~~~~~~^^^^^^^^^^^^^^^^^^^^^^^^^
  File "D:\Loan_System\.venv\Lib\site-packages\redis\connection.py", line 1086, in get_connection
    connection.connect()
    ~~~~~~~~~~~~~~~~~~^^
  File "D:\Loan_System\.venv\Lib\site-packages\redis\connection.py", line 270, in connect
    raise ConnectionError(self._error_message(e))
redis.exceptions.ConnectionError: Error 10061 connecting to 127.0.0.1:6379. No connection could be made because the target machine actively refused it.

During handling of the above exception, another exception occurred:

Traceback (most recent call last):
  File "D:\Loan_System\.venv\Lib\site-packages\rest_framework\settings.py", line 179, in import_from_string
    return import_string(val)
  File "D:\Loan_System\.venv\Lib\site-packages\django\utils\module_loading.py", line 30, in import_string
    return cached_import(module_path, class_name)
  File "D:\Loan_System\.venv\Lib\site-packages\django\utils\module_loading.py", line 15, in cached_import
    module = import_module(module_path)
  File "C:\Users\Thiri Shwe Zin\AppData\Local\Programs\Python\Python313\Lib\importlib\__init__.py", line 88, in import_module
    return _bootstrap._gcd_import(name[level:], package, level)
           ~~~~~~~~~~~~~~~~~~~~~~^^^^^^^^^^^^^^^^^^^^^^^^^^^^^^
  File "<frozen importlib._bootstrap>", line 1387, in _gcd_import
  File "<frozen importlib._bootstrap>", line 1360, in _find_and_load
  File "<frozen importlib._bootstrap>", line 1324, in _find_and_load_unlocked
ModuleNotFoundError: No module named 'loan_app.exceptions'

During handling of the above exception, another exception occurred:

Traceback (most recent call last):
  File "D:\Loan_System\.venv\Lib\site-packages\django\core\handlers\exception.py", line 55, in inner
    response = get_response(request)
  File "D:\Loan_System\.venv\Lib\site-packages\django\core\handlers\base.py", line 197, in _get_response
    response = wrapped_callback(request, *callback_args, **callback_kwargs)
  File "D:\Loan_System\.venv\Lib\site-packages\django\views\decorators\csrf.py", line 56, in wrapper_view
    return view_func(*args, **kwargs)
  File "D:\Loan_System\.venv\Lib\site-packages\django\views\generic\base.py", line 104, in view
    return self.dispatch(request, *args, **kwargs)
           ~~~~~~~~~~~~~^^^^^^^^^^^^^^^^^^^^^^^^^^
  File "D:\Loan_System\.venv\Lib\site-packages\rest_framework\views.py", line 509, in dispatch
    response = self.handle_exception(exc)
  File "D:\Loan_System\.venv\Lib\site-packages\rest_framework\views.py", line 463, in handle_exception
    exception_handler = self.get_exception_handler()
  File "D:\Loan_System\.venv\Lib\site-packages\rest_framework\views.py", line 298, in get_exception_handler
    return self.settings.EXCEPTION_HANDLER
           ^^^^^^^^^^^^^^^^^^^^^^^^^^^^^^^
  File "D:\Loan_System\.venv\Lib\site-packages\rest_framework\settings.py", line 227, in __getattr__
    val = perform_import(val, attr)
  File "D:\Loan_System\.venv\Lib\site-packages\rest_framework\settings.py", line 168, in perform_import
    return import_from_string(val, setting_name)
  File "D:\Loan_System\.venv\Lib\site-packages\rest_framework\settings.py", line 182, in import_from_string
    raise ImportError(msg)
ImportError: Could not import 'loan_app.exceptions.custom_exception_handler' for API setting 'EXCEPTION_HANDLER'. ModuleNotFoundError: No module named 'loan_app.exceptions'.
[2026-06-21 23:17:55,904] ERROR django.server "GET /api/loan/predict/ HTTP/1.1" 500 145
[2026-06-21 23:22:30,501] INFO django.utils.autoreload D:\loan_system\backend\loan_app\views.py changed, reloading.
[2026-06-21 23:22:30,947] INFO django.utils.autoreload D:\loan_system\backend\loan_app\views.py changed, reloading.
[2026-06-21 23:22:30,991] INFO django.utils.autoreload D:\loan_system\backend\loan_app\views.py changed, reloading.
[2026-06-21 23:22:34,266] INFO django.utils.autoreload Watching for file changes with StatReloader
[2026-06-21 23:22:34,678] INFO django.utils.autoreload Watching for file changes with StatReloader
[2026-06-21 23:22:36,043] INFO django.utils.autoreload Watching for file changes with StatReloader
[2026-06-21 23:23:24,284] INFO django.utils.autoreload Watching for file changes with StatReloader
[2026-06-21 23:25:29,853] INFO django.utils.autoreload Watching for file changes with StatReloader
[2026-06-21 23:26:33,225] INFO django.utils.autoreload D:\loan_system\backend\loan_app\views.py changed, reloading.
[2026-06-21 23:26:33,431] INFO django.utils.autoreload D:\loan_system\backend\loan_app\views.py changed, reloading.
[2026-06-21 23:26:33,763] INFO django.utils.autoreload D:\loan_system\backend\loan_app\views.py changed, reloading.
[2026-06-21 23:26:33,848] INFO django.utils.autoreload D:\loan_system\backend\loan_app\views.py changed, reloading.
[2026-06-21 23:26:33,859] INFO django.utils.autoreload D:\loan_system\backend\loan_app\views.py changed, reloading.
[2026-06-21 23:26:36,539] INFO django.utils.autoreload Watching for file changes with StatReloader
[2026-06-21 23:26:36,960] INFO django.utils.autoreload Watching for file changes with StatReloader
[2026-06-21 23:26:36,994] INFO django.utils.autoreload Watching for file changes with StatReloader
[2026-06-21 23:26:37,651] INFO django.utils.autoreload Watching for file changes with StatReloader
[2026-06-21 23:26:37,651] INFO django.utils.autoreload Watching for file changes with StatReloader
[2026-06-21 23:26:48,259] ERROR django.request Internal Server Error: /api/loan/predict/
Traceback (most recent call last):
  File "D:\Loan_System\.venv\Lib\site-packages\django_redis\cache.py", line 29, in _decorator
    return method(self, *args, **kwargs)
  File "D:\Loan_System\.venv\Lib\site-packages\django_redis\cache.py", line 99, in _get
    return self.client.get(key, default=default, version=version, client=client)
           ~~~~~~~~~~~~~~~^^^^^^^^^^^^^^^^^^^^^^^^^^^^^^^^^^^^^^^^^^^^^^^^^^^^^^
  File "D:\Loan_System\.venv\Lib\site-packages\django_redis\client\default.py", line 260, in get
    raise ConnectionInterrupted(connection=client) from e
django_redis.exceptions.ConnectionInterrupted: Redis ConnectionError: Error 10061 connecting to 127.0.0.1:6379. No connection could be made because the target machine actively refused it.

During handling of the above exception, another exception occurred:

Traceback (most recent call last):
  File "D:\Loan_System\.venv\Lib\site-packages\rest_framework\views.py", line 497, in dispatch
    self.initial(request, *args, **kwargs)
    ~~~~~~~~~~~~^^^^^^^^^^^^^^^^^^^^^^^^^^
  File "D:\Loan_System\.venv\Lib\site-packages\rest_framework\views.py", line 416, in initial
    self.check_throttles(request)
    ~~~~~~~~~~~~~~~~~~~~^^^^^^^^^
  File "D:\Loan_System\.venv\Lib\site-packages\rest_framework\views.py", line 359, in check_throttles
    if not throttle.allow_request(request, self):
           ~~~~~~~~~~~~~~~~~~~~~~^^^^^^^^^^^^^^^
  File "D:\Loan_System\.venv\Lib\site-packages\rest_framework\throttling.py", line 123, in allow_request
    self.history = self.cache.get(self.key, [])
                   ~~~~~~~~~~~~~~^^^^^^^^^^^^^^
  File "D:\Loan_System\.venv\Lib\site-packages\django_redis\cache.py", line 92, in get
    value = self._get(key, default, version, client)
  File "D:\Loan_System\.venv\Lib\site-packages\django_redis\cache.py", line 36, in _decorator
    raise e.__cause__
  File "D:\Loan_System\.venv\Lib\site-packages\django_redis\client\default.py", line 258, in get
    value = client.get(key)
  File "D:\Loan_System\.venv\Lib\site-packages\redis\commands\core.py", line 1829, in get
    return self.execute_command("GET", name)
           ~~~~~~~~~~~~~~~~~~~~^^^^^^^^^^^^^
  File "D:\Loan_System\.venv\Lib\site-packages\redis\client.py", line 533, in execute_command
    conn = self.connection or pool.get_connection(command_name, **options)
                              ~~~~~~~~~~~~~~~~~~~^^^^^^^^^^^^^^^^^^^^^^^^^
  File "D:\Loan_System\.venv\Lib\site-packages\redis\connection.py", line 1086, in get_connection
    connection.connect()
    ~~~~~~~~~~~~~~~~~~^^
  File "D:\Loan_System\.venv\Lib\site-packages\redis\connection.py", line 270, in connect
    raise ConnectionError(self._error_message(e))
redis.exceptions.ConnectionError: Error 10061 connecting to 127.0.0.1:6379. No connection could be made because the target machine actively refused it.

During handling of the above exception, another exception occurred:

Traceback (most recent call last):
  File "D:\Loan_System\.venv\Lib\site-packages\rest_framework\settings.py", line 179, in import_from_string
    return import_string(val)
  File "D:\Loan_System\.venv\Lib\site-packages\django\utils\module_loading.py", line 30, in import_string
    return cached_import(module_path, class_name)
  File "D:\Loan_System\.venv\Lib\site-packages\django\utils\module_loading.py", line 15, in cached_import
    module = import_module(module_path)
  File "C:\Users\Thiri Shwe Zin\AppData\Local\Programs\Python\Python313\Lib\importlib\__init__.py", line 88, in import_module
    return _bootstrap._gcd_import(name[level:], package, level)
           ~~~~~~~~~~~~~~~~~~~~~~^^^^^^^^^^^^^^^^^^^^^^^^^^^^^^
  File "<frozen importlib._bootstrap>", line 1387, in _gcd_import
  File "<frozen importlib._bootstrap>", line 1360, in _find_and_load
  File "<frozen importlib._bootstrap>", line 1324, in _find_and_load_unlocked
ModuleNotFoundError: No module named 'loan_app.exceptions'

During handling of the above exception, another exception occurred:

Traceback (most recent call last):
  File "D:\Loan_System\.venv\Lib\site-packages\django\core\handlers\exception.py", line 55, in inner
    response = get_response(request)
  File "D:\Loan_System\.venv\Lib\site-packages\django\core\handlers\base.py", line 197, in _get_response
    response = wrapped_callback(request, *callback_args, **callback_kwargs)
  File "D:\Loan_System\.venv\Lib\site-packages\django\views\decorators\csrf.py", line 56, in wrapper_view
    return view_func(*args, **kwargs)
  File "D:\Loan_System\.venv\Lib\site-packages\django\views\generic\base.py", line 104, in view
    return self.dispatch(request, *args, **kwargs)
           ~~~~~~~~~~~~~^^^^^^^^^^^^^^^^^^^^^^^^^^
  File "D:\Loan_System\.venv\Lib\site-packages\rest_framework\views.py", line 509, in dispatch
    response = self.handle_exception(exc)
  File "D:\Loan_System\.venv\Lib\site-packages\rest_framework\views.py", line 463, in handle_exception
    exception_handler = self.get_exception_handler()
  File "D:\Loan_System\.venv\Lib\site-packages\rest_framework\views.py", line 298, in get_exception_handler
    return self.settings.EXCEPTION_HANDLER
           ^^^^^^^^^^^^^^^^^^^^^^^^^^^^^^^
  File "D:\Loan_System\.venv\Lib\site-packages\rest_framework\settings.py", line 227, in __getattr__
    val = perform_import(val, attr)
  File "D:\Loan_System\.venv\Lib\site-packages\rest_framework\settings.py", line 168, in perform_import
    return import_from_string(val, setting_name)
  File "D:\Loan_System\.venv\Lib\site-packages\rest_framework\settings.py", line 182, in import_from_string
    raise ImportError(msg)
ImportError: Could not import 'loan_app.exceptions.custom_exception_handler' for API setting 'EXCEPTION_HANDLER'. ModuleNotFoundError: No module named 'loan_app.exceptions'.
[2026-06-21 23:26:48,296] ERROR django.server "GET /api/loan/predict/ HTTP/1.1" 500 145
[2026-06-21 23:30:05,402] INFO django.utils.autoreload D:\loan_system\backend\loan_project\settings.py changed, reloading.
[2026-06-21 23:30:05,641] INFO django.utils.autoreload D:\loan_system\backend\loan_project\settings.py changed, reloading.
[2026-06-21 23:30:05,647] INFO django.utils.autoreload D:\loan_system\backend\loan_project\settings.py changed, reloading.
[2026-06-21 23:30:05,685] INFO django.utils.autoreload D:\loan_system\backend\loan_project\settings.py changed, reloading.
[2026-06-21 23:30:06,643] INFO django.utils.autoreload D:\loan_system\backend\loan_project\settings.py changed, reloading.
[2026-06-21 23:30:08,636] INFO django.utils.autoreload Watching for file changes with StatReloader
[2026-06-21 23:30:08,636] INFO django.utils.autoreload Watching for file changes with StatReloader
[2026-06-21 23:30:08,636] INFO django.utils.autoreload Watching for file changes with StatReloader
[2026-06-21 23:30:08,724] INFO django.utils.autoreload Watching for file changes with StatReloader
[2026-06-21 23:30:09,719] INFO django.utils.autoreload Watching for file changes with StatReloader
[2026-06-21 23:30:25,894] INFO django.utils.autoreload D:\loan_system\backend\loan_project\settings.py changed, reloading.
[2026-06-21 23:30:25,936] INFO django.utils.autoreload D:\loan_system\backend\loan_project\settings.py changed, reloading.
[2026-06-21 23:30:25,969] INFO django.utils.autoreload D:\loan_system\backend\loan_project\settings.py changed, reloading.
[2026-06-21 23:30:25,984] INFO django.utils.autoreload D:\loan_system\backend\loan_project\settings.py changed, reloading.
[2026-06-21 23:30:26,665] INFO django.utils.autoreload D:\loan_system\backend\loan_project\settings.py changed, reloading.
[2026-06-21 23:30:28,568] INFO django.utils.autoreload Watching for file changes with StatReloader
[2026-06-21 23:30:28,641] INFO django.utils.autoreload Watching for file changes with StatReloader
[2026-06-21 23:30:28,644] INFO django.utils.autoreload Watching for file changes with StatReloader
[2026-06-21 23:30:29,231] INFO django.utils.autoreload Watching for file changes with StatReloader
[2026-06-21 23:30:29,651] INFO django.utils.autoreload Watching for file changes with StatReloader
[2026-06-21 23:30:30,646] INFO django.server "GET /api/loan/predict/ HTTP/1.1" 200 85
[2026-06-22 00:25:38,322] INFO django.utils.autoreload D:\loan_system\ml\scripts\engines.py changed, reloading.
[2026-06-22 00:25:38,330] INFO django.utils.autoreload D:\loan_system\ml\scripts\engines.py changed, reloading.
[2026-06-22 00:25:38,369] INFO django.utils.autoreload D:\loan_system\ml\scripts\engines.py changed, reloading.
[2026-06-22 00:25:40,352] INFO django.utils.autoreload D:\loan_system\ml\scripts\engines.py changed, reloading.
[2026-06-22 00:25:40,352] INFO django.utils.autoreload D:\loan_system\ml\scripts\engines.py changed, reloading.
[2026-06-22 00:25:47,079] INFO django.utils.autoreload Watching for file changes with StatReloader
[2026-06-22 00:25:47,079] INFO django.utils.autoreload Watching for file changes with StatReloader
[2026-06-22 00:25:47,079] INFO django.utils.autoreload Watching for file changes with StatReloader
[2026-06-22 00:25:48,777] INFO django.utils.autoreload Watching for file changes with StatReloader
[2026-06-22 00:25:48,777] INFO django.utils.autoreload Watching for file changes with StatReloader
[2026-06-22 00:53:19,812] INFO django.utils.autoreload D:\loan_system\backend\loan_app\services.py changed, reloading.
[2026-06-22 00:53:19,817] INFO django.utils.autoreload D:\loan_system\backend\loan_app\services.py changed, reloading.
[2026-06-22 00:53:19,858] INFO django.utils.autoreload D:\loan_system\backend\loan_app\services.py changed, reloading.
[2026-06-22 00:53:20,000] INFO django.utils.autoreload D:\loan_system\backend\loan_app\services.py changed, reloading.
[2026-06-22 00:53:20,064] INFO django.utils.autoreload D:\loan_system\backend\loan_app\services.py changed, reloading.
[2026-06-22 00:53:24,060] INFO django.utils.autoreload Watching for file changes with StatReloader
[2026-06-22 00:53:24,060] INFO django.utils.autoreload Watching for file changes with StatReloader
[2026-06-22 00:53:24,060] INFO django.utils.autoreload Watching for file changes with StatReloader
[2026-06-22 00:53:24,899] INFO django.utils.autoreload Watching for file changes with StatReloader
[2026-06-22 00:53:24,899] INFO django.utils.autoreload Watching for file changes with StatReloader
[2026-06-22 01:09:45,780] INFO django.utils.autoreload D:\loan_system\backend\loan_app\services.py changed, reloading.
[2026-06-22 01:09:46,628] INFO django.utils.autoreload D:\loan_system\backend\loan_app\services.py changed, reloading.
[2026-06-22 01:09:46,738] INFO django.utils.autoreload D:\loan_system\backend\loan_app\services.py changed, reloading.
[2026-06-22 01:09:46,738] INFO django.utils.autoreload D:\loan_system\backend\loan_app\services.py changed, reloading.
[2026-06-22 01:09:47,058] INFO django.utils.autoreload D:\loan_system\backend\loan_app\services.py changed, reloading.
[2026-06-22 01:09:55,943] INFO django.utils.autoreload Watching for file changes with StatReloader
[2026-06-22 01:09:56,495] INFO django.utils.autoreload Watching for file changes with StatReloader
[2026-06-22 01:09:56,606] INFO django.utils.autoreload Watching for file changes with StatReloader
[2026-06-22 01:09:57,529] INFO django.utils.autoreload Watching for file changes with StatReloader
[2026-06-22 01:09:57,719] INFO django.utils.autoreload Watching for file changes with StatReloader
[2026-06-22 01:16:57,417] INFO django.utils.autoreload D:\loan_system\backend\loan_app\services.py changed, reloading.
[2026-06-22 01:16:57,432] INFO django.utils.autoreload D:\loan_system\backend\loan_app\services.py changed, reloading.
[2026-06-22 01:16:57,434] INFO django.utils.autoreload D:\loan_system\backend\loan_app\services.py changed, reloading.
[2026-06-22 01:16:57,729] INFO django.utils.autoreload D:\loan_system\backend\loan_app\services.py changed, reloading.
[2026-06-22 01:16:57,923] INFO django.utils.autoreload D:\loan_system\backend\loan_app\services.py changed, reloading.
[2026-06-22 01:17:06,520] INFO django.utils.autoreload Watching for file changes with StatReloader
[2026-06-22 01:17:06,520] INFO django.utils.autoreload Watching for file changes with StatReloader
[2026-06-22 01:17:06,521] INFO django.utils.autoreload Watching for file changes with StatReloader
[2026-06-22 01:17:08,736] INFO django.utils.autoreload Watching for file changes with StatReloader
[2026-06-22 01:17:08,733] INFO django.utils.autoreload Watching for file changes with StatReloader
[2026-06-22 01:18:30,901] INFO django.utils.autoreload D:\loan_system\backend\loan_app\services.py changed, reloading.
[2026-06-22 01:18:30,901] INFO django.utils.autoreload D:\loan_system\backend\loan_app\services.py changed, reloading.
[2026-06-22 01:18:31,318] INFO django.utils.autoreload D:\loan_system\backend\loan_app\services.py changed, reloading.
[2026-06-22 01:18:31,332] INFO django.utils.autoreload D:\loan_system\backend\loan_app\services.py changed, reloading.
[2026-06-22 01:18:31,356] INFO django.utils.autoreload D:\loan_system\backend\loan_app\services.py changed, reloading.
[2026-06-22 01:18:33,781] INFO django.utils.autoreload Watching for file changes with StatReloader
[2026-06-22 01:18:33,781] INFO django.utils.autoreload Watching for file changes with StatReloader
[2026-06-22 01:18:34,157] INFO django.utils.autoreload Watching for file changes with StatReloader
[2026-06-22 01:18:34,157] INFO django.utils.autoreload Watching for file changes with StatReloader
[2026-06-22 01:19:08,847] INFO django.utils.autoreload Watching for file changes with StatReloader
[2026-06-22 01:19:23,184] WARNING django.request Not Found: /
[2026-06-22 01:19:23,186] WARNING django.server "GET / HTTP/1.1" 404 179
[2026-06-22 01:19:23,447] WARNING django.request Not Found: /
[2026-06-22 01:19:23,450] WARNING django.server "GET / HTTP/1.1" 404 179
